

*******************************************************************************
Sun Mar 28 15:08:18 2021


FIT:    data read from "data.txt" using 1:2
        format = x:z
        #datapoints = 999
        residuals are weighted equally (unit weight)

function used for fitting: t(x)
	t(n) = b * n + c
BREAK: Need via and either parameter list or file

*******************************************************************************
Sun Mar 28 15:08:27 2021


FIT:    data read from "data.txt" using 1:2
        format = x:z
        #datapoints = 999
        residuals are weighted equally (unit weight)

function used for fitting: t(x)
	t(n) = b * n + c
BREAK: Need via and either parameter list or file

*******************************************************************************
Sun Mar 28 15:08:44 2021


FIT:    data read from "data.txt" using 1:2
        format = x:z
        #datapoints = 999
        residuals are weighted equally (unit weight)

function used for fitting: t(x)
	t(n) = b * n + c
BREAK: Need via and either parameter list or file

*******************************************************************************
Sun Mar 28 15:08:51 2021


FIT:    data read from "data.txt" using 1:2
        format = x:z
        #datapoints = 999
        residuals are weighted equally (unit weight)

function used for fitting: t(x)
	t(n) = b * n + c
fitted parameters initialized with current variable values

iter      chisq       delta/lim  lambda   b             c            
   0 3.2257225300e+08   0.00e+00  4.08e+02    1.000000e+00   1.000000e+00
   4 1.5016424603e+06  -5.30e-01  4.08e-02    1.290549e-02   4.283964e+00

After 4 iterations the fit converged.
final sum of squares of residuals : 1.50164e+06
rel. change during last iteration : -5.3019e-06

degrees of freedom    (FIT_NDF)                        : 997
rms of residuals      (FIT_STDFIT) = sqrt(WSSR/ndf)    : 38.8093
variance of residuals (reduced chisquare) = WSSR/ndf   : 1506.16

Final set of parameters            Asymptotic Standard Error
=======================            ==========================
b               = 0.0129055        +/- 0.004258     (32.99%)
c               = 4.28396          +/- 2.458        (57.37%)

correlation matrix of the fit parameters:
                b      c      
b               1.000 
c              -0.866  1.000 


*******************************************************************************
Tue Apr 13 16:37:31 2021


FIT:    data read from "data.txt" using 1:2
        format = x:z
        #datapoints = 999
        residuals are weighted equally (unit weight)

function used for fitting: t(x)
	t(n) = b * n + c
fitted parameters initialized with current variable values

iter      chisq       delta/lim  lambda   b             c            
   0 3.2257225300e+08   0.00e+00  4.08e+02    1.000000e+00   1.000000e+00
   4 1.5016424603e+06  -5.30e-01  4.08e-02    1.290549e-02   4.283964e+00

After 4 iterations the fit converged.
final sum of squares of residuals : 1.50164e+06
rel. change during last iteration : -5.3019e-06

degrees of freedom    (FIT_NDF)                        : 997
rms of residuals      (FIT_STDFIT) = sqrt(WSSR/ndf)    : 38.8093
variance of residuals (reduced chisquare) = WSSR/ndf   : 1506.16

Final set of parameters            Asymptotic Standard Error
=======================            ==========================
b               = 0.0129055        +/- 0.004258     (32.99%)
c               = 4.28396          +/- 2.458        (57.37%)

correlation matrix of the fit parameters:
                b      c      
b               1.000 
c              -0.866  1.000 
