

*******************************************************************************
Sun Apr 11 16:36:18 2021


FIT:    data read from "data.txt" using 1:2
        format = x:z
        #datapoints = 996
        residuals are weighted equally (unit weight)

function used for fitting: t(x)
	t(n) = b * n + c
fitted parameters initialized with current variable values

iter      chisq       delta/lim  lambda   b             c            
   0 1.8643880600e+08   0.00e+00  4.09e+02    1.000000e+00   1.000000e+00
   5 1.5369918778e+06  -6.66e-06  4.09e-03    2.289794e-01   1.820697e+01

After 5 iterations the fit converged.
final sum of squares of residuals : 1.53699e+06
rel. change during last iteration : -6.65778e-11

degrees of freedom    (FIT_NDF)                        : 994
rms of residuals      (FIT_STDFIT) = sqrt(WSSR/ndf)    : 39.3226
variance of residuals (reduced chisquare) = WSSR/ndf   : 1546.27

Final set of parameters            Asymptotic Standard Error
=======================            ==========================
b               = 0.228979         +/- 0.004334     (1.893%)
c               = 18.207           +/- 2.505        (13.76%)

correlation matrix of the fit parameters:
                b      c      
b               1.000 
c              -0.868  1.000 


*******************************************************************************
Sun Apr 11 16:39:13 2021


FIT:    data read from "data.txt" using 1:2
        format = x:z
        #datapoints = 996
        residuals are weighted equally (unit weight)

function used for fitting: t(x)
	t(n) = b * n + c
fitted parameters initialized with current variable values

iter      chisq       delta/lim  lambda   b             c            
   0 1.8643880600e+08   0.00e+00  4.09e+02    1.000000e+00   1.000000e+00
   5 1.5369918778e+06  -6.66e-06  4.09e-03    2.289794e-01   1.820697e+01

After 5 iterations the fit converged.
final sum of squares of residuals : 1.53699e+06
rel. change during last iteration : -6.65778e-11

degrees of freedom    (FIT_NDF)                        : 994
rms of residuals      (FIT_STDFIT) = sqrt(WSSR/ndf)    : 39.3226
variance of residuals (reduced chisquare) = WSSR/ndf   : 1546.27

Final set of parameters            Asymptotic Standard Error
=======================            ==========================
b               = 0.228979         +/- 0.004334     (1.893%)
c               = 18.207           +/- 2.505        (13.76%)

correlation matrix of the fit parameters:
                b      c      
b               1.000 
c              -0.868  1.000 


*******************************************************************************
Tue Apr 13 17:05:56 2021


FIT:    data read from "data.txt" using 1:2
        format = x:z
        x range restricted to [-1033.54 : 11466.5]
        #datapoints = 996
        residuals are weighted equally (unit weight)

function used for fitting: t(x)
	t(n) = b * n + c
fitted parameters initialized with current variable values

iter      chisq       delta/lim  lambda   b             c            
   0 2.9429292826e+04   0.00e+00  6.08e+00    1.290549e-02   4.283964e+00
   2 2.5656015193e+04  -6.60e-01  6.08e-02    1.497230e-02   1.394001e+00

After 2 iterations the fit converged.
final sum of squares of residuals : 25656
rel. change during last iteration : -6.60477e-06

degrees of freedom    (FIT_NDF)                        : 994
rms of residuals      (FIT_STDFIT) = sqrt(WSSR/ndf)    : 5.08044
variance of residuals (reduced chisquare) = WSSR/ndf   : 25.8109

Final set of parameters            Asymptotic Standard Error
=======================            ==========================
b               = 0.0149723        +/- 0.0005599    (3.74%)
c               = 1.394            +/- 0.3237       (23.22%)

correlation matrix of the fit parameters:
                b      c      
b               1.000 
c              -0.868  1.000 
