

*******************************************************************************
Mon Mar 15 12:57:16 2021


FIT:    data read from "data.txt" using 1:2
        format = x:z
        #datapoints = 1000
        residuals are weighted equally (unit weight)

function used for fitting: t(x)
	t(n) = b * n + c
fitted parameters initialized with current variable values

iter      chisq       delta/lim  lambda   b             c            
   0 1.0539789500e+08   0.00e+00  4.08e+02    1.000000e+00   1.000000e+00
   4 1.6762484780e+06  -2.23e-01  4.08e-02    1.554846e+00   3.259281e+00

After 4 iterations the fit converged.
final sum of squares of residuals : 1.67625e+06
rel. change during last iteration : -2.22937e-06

degrees of freedom    (FIT_NDF)                        : 998
rms of residuals      (FIT_STDFIT) = sqrt(WSSR/ndf)    : 40.983
variance of residuals (reduced chisquare) = WSSR/ndf   : 1679.61

Final set of parameters            Asymptotic Standard Error
=======================            ==========================
b               = 1.55485          +/- 0.004489     (0.2887%)
c               = 3.25928          +/- 2.59         (79.47%)

correlation matrix of the fit parameters:
                b      c      
b               1.000 
c              -0.866  1.000 
