

*******************************************************************************
Mon Mar 15 13:23:12 2021


FIT:    data read from "data.txt" using 1:2
        format = x:z
        #datapoints = 1000
        residuals are weighted equally (unit weight)

function used for fitting: t(x)
	t(n) = b * n + c
fitted parameters initialized with current variable values

iter      chisq       delta/lim  lambda   b             c            
   0 3.0487489135e+12   0.00e+00  4.08e+02    1.000000e+00   1.000000e+00
   5 6.1238465729e+11  -2.07e-05  4.08e-03    1.145588e+02  -1.981997e+04

After 5 iterations the fit converged.
final sum of squares of residuals : 6.12385e+11
rel. change during last iteration : -2.07367e-10

degrees of freedom    (FIT_NDF)                        : 998
rms of residuals      (FIT_STDFIT) = sqrt(WSSR/ndf)    : 24771.2
variance of residuals (reduced chisquare) = WSSR/ndf   : 6.13612e+08

Final set of parameters            Asymptotic Standard Error
=======================            ==========================
b               = 114.559          +/- 2.714        (2.369%)
c               = -19820           +/- 1565         (7.899%)

correlation matrix of the fit parameters:
                b      c      
b               1.000 
c              -0.866  1.000 
