

*******************************************************************************
Tue Mar  9 16:44:45 2021


FIT:    data read from "DATASS" using 1:2
        format = x:z
        #datapoints = 512
        residuals are weighted equally (unit weight)

function used for fitting: t(x)
	t(n) = b * n + c
fitted parameters initialized with current variable values

iter      chisq       delta/lim  lambda   b             c            
   0 6.5032399700e+08   0.00e+00  2.09e+02    1.000000e+00   1.000000e+00
   5 9.0945537597e+05  -4.01e-04  2.09e-03    2.885153e+00   6.086751e+02

After 5 iterations the fit converged.
final sum of squares of residuals : 909455
rel. change during last iteration : -4.0109e-09

degrees of freedom    (FIT_NDF)                        : 510
rms of residuals      (FIT_STDFIT) = sqrt(WSSR/ndf)    : 42.2285
variance of residuals (reduced chisquare) = WSSR/ndf   : 1783.25

Final set of parameters            Asymptotic Standard Error
=======================            ==========================
b               = 2.88515          +/- 0.01263      (0.4376%)
c               = 608.675          +/- 3.738        (0.6141%)

correlation matrix of the fit parameters:
                b      c      
b               1.000 
c              -0.866  1.000 
